<testsuites id="" name="" tests="21" failures="18" skipped="0" errors="0" time="155.073019">
<testsuite name="playwright-tests.spec.js" timestamp="2025-05-31T04:41:54.871Z" hostname="chromium" tests="21" failures="18" skipped="0" time="145.386" errors="0">
<testcase name="Visual regression test for UserLogin › UserLogin should look the same on mobile" classname="playwright-tests.spec.js" time="6.215">
<failure message="playwright-tests.spec.js:50:7 UserLogin should look the same on mobile" type="FAILURE">
<![CDATA[  [chromium] › playwright-tests.spec.js:50:7 › Visual regression test for UserLogin › UserLogin should look the same on mobile 

    Error: expect(Buffer).toMatchSnapshot(expected)

      Expected an image 320px by 1514px, received 320px by 1468px. 31032 pixels (ratio 0.07 of all image pixels) are different.

    Expected: /Users/danlinn/Sites/wavemetrics/.ci/test/visual-regression/playwright-tests.spec.js-snapshots/UserLogin-mobile-chromium-darwin.png
    Received: /Users/danlinn/Sites/wavemetrics/.ci/test/visual-regression/test-results/playwright-tests-Visual-re-7130f-uld-look-the-same-on-mobile-chromium/UserLogin-mobile-actual.png
        Diff: /Users/danlinn/Sites/wavemetrics/.ci/test/visual-regression/test-results/playwright-tests-Visual-re-7130f-uld-look-the-same-on-mobile-chromium/UserLogin-mobile-diff.png


      123 |
      124 |           // Use the configured thresholds from playwright.config.js
    > 125 |           await expect(screenshot).toMatchSnapshot(`${name}-${viewport}.png`);
          |                                    ^
      126 |         }
      127 |
      128 |         // Close the test page
        at /Users/danlinn/Sites/wavemetrics/.ci/test/visual-regression/playwright-tests.spec.js:125:36

    attachment #1: UserLogin-mobile-expected.png (image/png) ───────────────────────────────────────
    playwright-tests.spec.js-snapshots/UserLogin-mobile-chromium-darwin.png
    ────────────────────────────────────────────────────────────────────────────────────────────────

    attachment #2: UserLogin-mobile-actual.png (image/png) ─────────────────────────────────────────
    test-results/playwright-tests-Visual-re-7130f-uld-look-the-same-on-mobile-chromium/UserLogin-mobile-actual.png
    ────────────────────────────────────────────────────────────────────────────────────────────────

    attachment #3: UserLogin-mobile-diff.png (image/png) ───────────────────────────────────────────
    test-results/playwright-tests-Visual-re-7130f-uld-look-the-same-on-mobile-chromium/UserLogin-mobile-diff.png
    ────────────────────────────────────────────────────────────────────────────────────────────────

    Error Context: test-results/playwright-tests-Visual-re-7130f-uld-look-the-same-on-mobile-chromium/error-context.md
]]>
</failure>
<system-out>
<![CDATA[Navigating to reference: https://dev-wavemetrics.pantheonsite.io/user/login
Captured reference screenshot for UserLogin on mobile
Navigating to test: https://test-wavemetrics.pantheonsite.io/user/login
Captured test screenshot for UserLogin on mobile
Comparing screenshots for UserLogin on mobile
Comparing UserLogin on mobile with baseline

[[ATTACHMENT|playwright-tests.spec.js-snapshots/UserLogin-mobile-chromium-darwin.png]]

[[ATTACHMENT|test-results/playwright-tests-Visual-re-7130f-uld-look-the-same-on-mobile-chromium/UserLogin-mobile-actual.png]]

[[ATTACHMENT|test-results/playwright-tests-Visual-re-7130f-uld-look-the-same-on-mobile-chromium/UserLogin-mobile-diff.png]]

[[ATTACHMENT|test-results/playwright-tests-Visual-re-7130f-uld-look-the-same-on-mobile-chromium/error-context.md]]
]]>
</system-out>
</testcase>
<testcase name="Visual regression test for UserLogin › UserLogin should look the same on tablet" classname="playwright-tests.spec.js" time="5.957">
<failure message="playwright-tests.spec.js:50:7 UserLogin should look the same on tablet" type="FAILURE">
<![CDATA[  [chromium] › playwright-tests.spec.js:50:7 › Visual regression test for UserLogin › UserLogin should look the same on tablet 

    Error: expect(Buffer).toMatchSnapshot(expected)

      Expected an image 1024px by 1112px, received 1024px by 1061px. 44341 pixels (ratio 0.04 of all image pixels) are different.

    Expected: /Users/danlinn/Sites/wavemetrics/.ci/test/visual-regression/playwright-tests.spec.js-snapshots/UserLogin-tablet-chromium-darwin.png
    Received: /Users/danlinn/Sites/wavemetrics/.ci/test/visual-regression/test-results/playwright-tests-Visual-re-a4281-uld-look-the-same-on-tablet-chromium/UserLogin-tablet-actual.png
        Diff: /Users/danlinn/Sites/wavemetrics/.ci/test/visual-regression/test-results/playwright-tests-Visual-re-a4281-uld-look-the-same-on-tablet-chromium/UserLogin-tablet-diff.png


      123 |
      124 |           // Use the configured thresholds from playwright.config.js
    > 125 |           await expect(screenshot).toMatchSnapshot(`${name}-${viewport}.png`);
          |                                    ^
      126 |         }
      127 |
      128 |         // Close the test page
        at /Users/danlinn/Sites/wavemetrics/.ci/test/visual-regression/playwright-tests.spec.js:125:36

    attachment #1: UserLogin-tablet-expected.png (image/png) ───────────────────────────────────────
    playwright-tests.spec.js-snapshots/UserLogin-tablet-chromium-darwin.png
    ────────────────────────────────────────────────────────────────────────────────────────────────

    attachment #2: UserLogin-tablet-actual.png (image/png) ─────────────────────────────────────────
    test-results/playwright-tests-Visual-re-a4281-uld-look-the-same-on-tablet-chromium/UserLogin-tablet-actual.png
    ────────────────────────────────────────────────────────────────────────────────────────────────

    attachment #3: UserLogin-tablet-diff.png (image/png) ───────────────────────────────────────────
    test-results/playwright-tests-Visual-re-a4281-uld-look-the-same-on-tablet-chromium/UserLogin-tablet-diff.png
    ────────────────────────────────────────────────────────────────────────────────────────────────

    Error Context: test-results/playwright-tests-Visual-re-a4281-uld-look-the-same-on-tablet-chromium/error-context.md
]]>
</failure>
<system-out>
<![CDATA[Navigating to reference: https://dev-wavemetrics.pantheonsite.io/user/login
Captured reference screenshot for UserLogin on tablet
Navigating to test: https://test-wavemetrics.pantheonsite.io/user/login
Captured test screenshot for UserLogin on tablet
Comparing screenshots for UserLogin on tablet
Comparing UserLogin on tablet with baseline

[[ATTACHMENT|playwright-tests.spec.js-snapshots/UserLogin-tablet-chromium-darwin.png]]

[[ATTACHMENT|test-results/playwright-tests-Visual-re-a4281-uld-look-the-same-on-tablet-chromium/UserLogin-tablet-actual.png]]

[[ATTACHMENT|test-results/playwright-tests-Visual-re-a4281-uld-look-the-same-on-tablet-chromium/UserLogin-tablet-diff.png]]

[[ATTACHMENT|test-results/playwright-tests-Visual-re-a4281-uld-look-the-same-on-tablet-chromium/error-context.md]]
]]>
</system-out>
</testcase>
<testcase name="Visual regression test for UserLogin › UserLogin should look the same on desktop" classname="playwright-tests.spec.js" time="6.176">
<failure message="playwright-tests.spec.js:50:7 UserLogin should look the same on desktop" type="FAILURE">
<![CDATA[  [chromium] › playwright-tests.spec.js:50:7 › Visual regression test for UserLogin › UserLogin should look the same on desktop 

    Error: expect(Buffer).toMatchSnapshot(expected)

      Expected an image 1920px by 1096px, received 1920px by 1080px. 44492 pixels (ratio 0.03 of all image pixels) are different.

    Expected: /Users/danlinn/Sites/wavemetrics/.ci/test/visual-regression/playwright-tests.spec.js-snapshots/UserLogin-desktop-chromium-darwin.png
    Received: /Users/danlinn/Sites/wavemetrics/.ci/test/visual-regression/test-results/playwright-tests-Visual-re-3493d-ld-look-the-same-on-desktop-chromium/UserLogin-desktop-actual.png
        Diff: /Users/danlinn/Sites/wavemetrics/.ci/test/visual-regression/test-results/playwright-tests-Visual-re-3493d-ld-look-the-same-on-desktop-chromium/UserLogin-desktop-diff.png


      123 |
      124 |           // Use the configured thresholds from playwright.config.js
    > 125 |           await expect(screenshot).toMatchSnapshot(`${name}-${viewport}.png`);
          |                                    ^
      126 |         }
      127 |
      128 |         // Close the test page
        at /Users/danlinn/Sites/wavemetrics/.ci/test/visual-regression/playwright-tests.spec.js:125:36

    attachment #1: UserLogin-desktop-expected.png (image/png) ──────────────────────────────────────
    playwright-tests.spec.js-snapshots/UserLogin-desktop-chromium-darwin.png
    ────────────────────────────────────────────────────────────────────────────────────────────────

    attachment #2: UserLogin-desktop-actual.png (image/png) ────────────────────────────────────────
    test-results/playwright-tests-Visual-re-3493d-ld-look-the-same-on-desktop-chromium/UserLogin-desktop-actual.png
    ────────────────────────────────────────────────────────────────────────────────────────────────

    attachment #3: UserLogin-desktop-diff.png (image/png) ──────────────────────────────────────────
    test-results/playwright-tests-Visual-re-3493d-ld-look-the-same-on-desktop-chromium/UserLogin-desktop-diff.png
    ────────────────────────────────────────────────────────────────────────────────────────────────

    Error Context: test-results/playwright-tests-Visual-re-3493d-ld-look-the-same-on-desktop-chromium/error-context.md
]]>
</failure>
<system-out>
<![CDATA[Navigating to reference: https://dev-wavemetrics.pantheonsite.io/user/login
Captured reference screenshot for UserLogin on desktop
Navigating to test: https://test-wavemetrics.pantheonsite.io/user/login
Captured test screenshot for UserLogin on desktop
Comparing screenshots for UserLogin on desktop
Comparing UserLogin on desktop with baseline

[[ATTACHMENT|playwright-tests.spec.js-snapshots/UserLogin-desktop-chromium-darwin.png]]

[[ATTACHMENT|test-results/playwright-tests-Visual-re-3493d-ld-look-the-same-on-desktop-chromium/UserLogin-desktop-actual.png]]

[[ATTACHMENT|test-results/playwright-tests-Visual-re-3493d-ld-look-the-same-on-desktop-chromium/UserLogin-desktop-diff.png]]

[[ATTACHMENT|test-results/playwright-tests-Visual-re-3493d-ld-look-the-same-on-desktop-chromium/error-context.md]]
]]>
</system-out>
</testcase>
<testcase name="Visual regression test for ProductPage › ProductPage should look the same on mobile" classname="playwright-tests.spec.js" time="6.137">
<failure message="playwright-tests.spec.js:50:7 ProductPage should look the same on mobile" type="FAILURE">
<![CDATA[  [chromium] › playwright-tests.spec.js:50:7 › Visual regression test for ProductPage › ProductPage should look the same on mobile 

    Error: expect(Buffer).toMatchSnapshot(expected)

      Expected an image 320px by 3566px, received 320px by 3521px. 85541 pixels (ratio 0.08 of all image pixels) are different.

    Expected: /Users/danlinn/Sites/wavemetrics/.ci/test/visual-regression/playwright-tests.spec.js-snapshots/ProductPage-mobile-chromium-darwin.png
    Received: /Users/danlinn/Sites/wavemetrics/.ci/test/visual-regression/test-results/playwright-tests-Visual-re-0253f-uld-look-the-same-on-mobile-chromium/ProductPage-mobile-actual.png
        Diff: /Users/danlinn/Sites/wavemetrics/.ci/test/visual-regression/test-results/playwright-tests-Visual-re-0253f-uld-look-the-same-on-mobile-chromium/ProductPage-mobile-diff.png


      123 |
      124 |           // Use the configured thresholds from playwright.config.js
    > 125 |           await expect(screenshot).toMatchSnapshot(`${name}-${viewport}.png`);
          |                                    ^
      126 |         }
      127 |
      128 |         // Close the test page
        at /Users/danlinn/Sites/wavemetrics/.ci/test/visual-regression/playwright-tests.spec.js:125:36

    attachment #1: ProductPage-mobile-expected.png (image/png) ─────────────────────────────────────
    playwright-tests.spec.js-snapshots/ProductPage-mobile-chromium-darwin.png
    ────────────────────────────────────────────────────────────────────────────────────────────────

    attachment #2: ProductPage-mobile-actual.png (image/png) ───────────────────────────────────────
    test-results/playwright-tests-Visual-re-0253f-uld-look-the-same-on-mobile-chromium/ProductPage-mobile-actual.png
    ────────────────────────────────────────────────────────────────────────────────────────────────

    attachment #3: ProductPage-mobile-diff.png (image/png) ─────────────────────────────────────────
    test-results/playwright-tests-Visual-re-0253f-uld-look-the-same-on-mobile-chromium/ProductPage-mobile-diff.png
    ────────────────────────────────────────────────────────────────────────────────────────────────

    Error Context: test-results/playwright-tests-Visual-re-0253f-uld-look-the-same-on-mobile-chromium/error-context.md
]]>
</failure>
<system-out>
<![CDATA[Navigating to reference: https://dev-wavemetrics.pantheonsite.io/products
Captured reference screenshot for ProductPage on mobile
Navigating to test: https://test-wavemetrics.pantheonsite.io/products
Captured test screenshot for ProductPage on mobile
Comparing screenshots for ProductPage on mobile
Comparing ProductPage on mobile with baseline

[[ATTACHMENT|playwright-tests.spec.js-snapshots/ProductPage-mobile-chromium-darwin.png]]

[[ATTACHMENT|test-results/playwright-tests-Visual-re-0253f-uld-look-the-same-on-mobile-chromium/ProductPage-mobile-actual.png]]

[[ATTACHMENT|test-results/playwright-tests-Visual-re-0253f-uld-look-the-same-on-mobile-chromium/ProductPage-mobile-diff.png]]

[[ATTACHMENT|test-results/playwright-tests-Visual-re-0253f-uld-look-the-same-on-mobile-chromium/error-context.md]]
]]>
</system-out>
</testcase>
<testcase name="Visual regression test for ProductPage › ProductPage should look the same on tablet" classname="playwright-tests.spec.js" time="6.268">
<failure message="playwright-tests.spec.js:50:7 ProductPage should look the same on tablet" type="FAILURE">
<![CDATA[  [chromium] › playwright-tests.spec.js:50:7 › Visual regression test for ProductPage › ProductPage should look the same on tablet 

    Error: expect(Buffer).toMatchSnapshot(expected)

      Expected an image 1024px by 1791px, received 1024px by 1750px. 87079 pixels (ratio 0.05 of all image pixels) are different.

    Expected: /Users/danlinn/Sites/wavemetrics/.ci/test/visual-regression/playwright-tests.spec.js-snapshots/ProductPage-tablet-chromium-darwin.png
    Received: /Users/danlinn/Sites/wavemetrics/.ci/test/visual-regression/test-results/playwright-tests-Visual-re-3af77-uld-look-the-same-on-tablet-chromium/ProductPage-tablet-actual.png
        Diff: /Users/danlinn/Sites/wavemetrics/.ci/test/visual-regression/test-results/playwright-tests-Visual-re-3af77-uld-look-the-same-on-tablet-chromium/ProductPage-tablet-diff.png


      123 |
      124 |           // Use the configured thresholds from playwright.config.js
    > 125 |           await expect(screenshot).toMatchSnapshot(`${name}-${viewport}.png`);
          |                                    ^
      126 |         }
      127 |
      128 |         // Close the test page
        at /Users/danlinn/Sites/wavemetrics/.ci/test/visual-regression/playwright-tests.spec.js:125:36

    attachment #1: ProductPage-tablet-expected.png (image/png) ─────────────────────────────────────
    playwright-tests.spec.js-snapshots/ProductPage-tablet-chromium-darwin.png
    ────────────────────────────────────────────────────────────────────────────────────────────────

    attachment #2: ProductPage-tablet-actual.png (image/png) ───────────────────────────────────────
    test-results/playwright-tests-Visual-re-3af77-uld-look-the-same-on-tablet-chromium/ProductPage-tablet-actual.png
    ────────────────────────────────────────────────────────────────────────────────────────────────

    attachment #3: ProductPage-tablet-diff.png (image/png) ─────────────────────────────────────────
    test-results/playwright-tests-Visual-re-3af77-uld-look-the-same-on-tablet-chromium/ProductPage-tablet-diff.png
    ────────────────────────────────────────────────────────────────────────────────────────────────

    Error Context: test-results/playwright-tests-Visual-re-3af77-uld-look-the-same-on-tablet-chromium/error-context.md
]]>
</failure>
<system-out>
<![CDATA[Navigating to reference: https://dev-wavemetrics.pantheonsite.io/products
Captured reference screenshot for ProductPage on tablet
Navigating to test: https://test-wavemetrics.pantheonsite.io/products
Captured test screenshot for ProductPage on tablet
Comparing screenshots for ProductPage on tablet
Comparing ProductPage on tablet with baseline

[[ATTACHMENT|playwright-tests.spec.js-snapshots/ProductPage-tablet-chromium-darwin.png]]

[[ATTACHMENT|test-results/playwright-tests-Visual-re-3af77-uld-look-the-same-on-tablet-chromium/ProductPage-tablet-actual.png]]

[[ATTACHMENT|test-results/playwright-tests-Visual-re-3af77-uld-look-the-same-on-tablet-chromium/ProductPage-tablet-diff.png]]

[[ATTACHMENT|test-results/playwright-tests-Visual-re-3af77-uld-look-the-same-on-tablet-chromium/error-context.md]]
]]>
</system-out>
</testcase>
<testcase name="Visual regression test for ProductPage › ProductPage should look the same on desktop" classname="playwright-tests.spec.js" time="6.43">
<failure message="playwright-tests.spec.js:50:7 ProductPage should look the same on desktop" type="FAILURE">
<![CDATA[  [chromium] › playwright-tests.spec.js:50:7 › Visual regression test for ProductPage › ProductPage should look the same on desktop 

    Error: expect(Buffer).toMatchSnapshot(expected)

      Expected an image 1920px by 1961px, received 1920px by 1921px. 106019 pixels (ratio 0.03 of all image pixels) are different.

    Expected: /Users/danlinn/Sites/wavemetrics/.ci/test/visual-regression/playwright-tests.spec.js-snapshots/ProductPage-desktop-chromium-darwin.png
    Received: /Users/danlinn/Sites/wavemetrics/.ci/test/visual-regression/test-results/playwright-tests-Visual-re-dd3c5-ld-look-the-same-on-desktop-chromium/ProductPage-desktop-actual.png
        Diff: /Users/danlinn/Sites/wavemetrics/.ci/test/visual-regression/test-results/playwright-tests-Visual-re-dd3c5-ld-look-the-same-on-desktop-chromium/ProductPage-desktop-diff.png


      123 |
      124 |           // Use the configured thresholds from playwright.config.js
    > 125 |           await expect(screenshot).toMatchSnapshot(`${name}-${viewport}.png`);
          |                                    ^
      126 |         }
      127 |
      128 |         // Close the test page
        at /Users/danlinn/Sites/wavemetrics/.ci/test/visual-regression/playwright-tests.spec.js:125:36

    attachment #1: ProductPage-desktop-expected.png (image/png) ────────────────────────────────────
    playwright-tests.spec.js-snapshots/ProductPage-desktop-chromium-darwin.png
    ────────────────────────────────────────────────────────────────────────────────────────────────

    attachment #2: ProductPage-desktop-actual.png (image/png) ──────────────────────────────────────
    test-results/playwright-tests-Visual-re-dd3c5-ld-look-the-same-on-desktop-chromium/ProductPage-desktop-actual.png
    ────────────────────────────────────────────────────────────────────────────────────────────────

    attachment #3: ProductPage-desktop-diff.png (image/png) ────────────────────────────────────────
    test-results/playwright-tests-Visual-re-dd3c5-ld-look-the-same-on-desktop-chromium/ProductPage-desktop-diff.png
    ────────────────────────────────────────────────────────────────────────────────────────────────

    Error Context: test-results/playwright-tests-Visual-re-dd3c5-ld-look-the-same-on-desktop-chromium/error-context.md
]]>
</failure>
<system-out>
<![CDATA[Navigating to reference: https://dev-wavemetrics.pantheonsite.io/products
Captured reference screenshot for ProductPage on desktop
Navigating to test: https://test-wavemetrics.pantheonsite.io/products
Captured test screenshot for ProductPage on desktop
Comparing screenshots for ProductPage on desktop
Comparing ProductPage on desktop with baseline

[[ATTACHMENT|playwright-tests.spec.js-snapshots/ProductPage-desktop-chromium-darwin.png]]

[[ATTACHMENT|test-results/playwright-tests-Visual-re-dd3c5-ld-look-the-same-on-desktop-chromium/ProductPage-desktop-actual.png]]

[[ATTACHMENT|test-results/playwright-tests-Visual-re-dd3c5-ld-look-the-same-on-desktop-chromium/ProductPage-desktop-diff.png]]

[[ATTACHMENT|test-results/playwright-tests-Visual-re-dd3c5-ld-look-the-same-on-desktop-chromium/error-context.md]]
]]>
</system-out>
</testcase>
<testcase name="Visual regression test for NewsPage › NewsPage should look the same on mobile" classname="playwright-tests.spec.js" time="6.118">
<system-out>
<![CDATA[Navigating to reference: https://dev-wavemetrics.pantheonsite.io/news
Captured reference screenshot for NewsPage on mobile
Navigating to test: https://test-wavemetrics.pantheonsite.io/news
Captured test screenshot for NewsPage on mobile
Comparing screenshots for NewsPage on mobile
Comparing NewsPage on mobile with baseline
]]>
</system-out>
</testcase>
<testcase name="Visual regression test for NewsPage › NewsPage should look the same on tablet" classname="playwright-tests.spec.js" time="6.147">
<system-out>
<![CDATA[Navigating to reference: https://dev-wavemetrics.pantheonsite.io/news
Captured reference screenshot for NewsPage on tablet
Navigating to test: https://test-wavemetrics.pantheonsite.io/news
Captured test screenshot for NewsPage on tablet
Comparing screenshots for NewsPage on tablet
Comparing NewsPage on tablet with baseline
]]>
</system-out>
</testcase>
<testcase name="Visual regression test for NewsPage › NewsPage should look the same on desktop" classname="playwright-tests.spec.js" time="6.348">
<system-out>
<![CDATA[Navigating to reference: https://dev-wavemetrics.pantheonsite.io/news
Captured reference screenshot for NewsPage on desktop
Navigating to test: https://test-wavemetrics.pantheonsite.io/news
Captured test screenshot for NewsPage on desktop
Comparing screenshots for NewsPage on desktop
Comparing NewsPage on desktop with baseline
]]>
</system-out>
</testcase>
<testcase name="Visual regression test for ForumPost › ForumPost should look the same on mobile" classname="playwright-tests.spec.js" time="5.799">
<failure message="playwright-tests.spec.js:50:7 ForumPost should look the same on mobile" type="FAILURE">
<![CDATA[  [chromium] › playwright-tests.spec.js:50:7 › Visual regression test for ForumPost › ForumPost should look the same on mobile 

    Error: expect(Buffer).toMatchSnapshot(expected)

      Expected an image 320px by 1587px, received 320px by 1542px. 31852 pixels (ratio 0.07 of all image pixels) are different.

    Expected: /Users/danlinn/Sites/wavemetrics/.ci/test/visual-regression/playwright-tests.spec.js-snapshots/ForumPost-mobile-chromium-darwin.png
    Received: /Users/danlinn/Sites/wavemetrics/.ci/test/visual-regression/test-results/playwright-tests-Visual-re-ff09f-uld-look-the-same-on-mobile-chromium/ForumPost-mobile-actual.png
        Diff: /Users/danlinn/Sites/wavemetrics/.ci/test/visual-regression/test-results/playwright-tests-Visual-re-ff09f-uld-look-the-same-on-mobile-chromium/ForumPost-mobile-diff.png


      123 |
      124 |           // Use the configured thresholds from playwright.config.js
    > 125 |           await expect(screenshot).toMatchSnapshot(`${name}-${viewport}.png`);
          |                                    ^
      126 |         }
      127 |
      128 |         // Close the test page
        at /Users/danlinn/Sites/wavemetrics/.ci/test/visual-regression/playwright-tests.spec.js:125:36

    attachment #1: ForumPost-mobile-expected.png (image/png) ───────────────────────────────────────
    playwright-tests.spec.js-snapshots/ForumPost-mobile-chromium-darwin.png
    ────────────────────────────────────────────────────────────────────────────────────────────────

    attachment #2: ForumPost-mobile-actual.png (image/png) ─────────────────────────────────────────
    test-results/playwright-tests-Visual-re-ff09f-uld-look-the-same-on-mobile-chromium/ForumPost-mobile-actual.png
    ────────────────────────────────────────────────────────────────────────────────────────────────

    attachment #3: ForumPost-mobile-diff.png (image/png) ───────────────────────────────────────────
    test-results/playwright-tests-Visual-re-ff09f-uld-look-the-same-on-mobile-chromium/ForumPost-mobile-diff.png
    ────────────────────────────────────────────────────────────────────────────────────────────────

    Error Context: test-results/playwright-tests-Visual-re-ff09f-uld-look-the-same-on-mobile-chromium/error-context.md
]]>
</failure>
<system-out>
<![CDATA[Navigating to reference: https://dev-wavemetrics.pantheonsite.io/forum/general/how-ask-good-questions
Captured reference screenshot for ForumPost on mobile
Navigating to test: https://test-wavemetrics.pantheonsite.io/forum/general/how-ask-good-questions
Captured test screenshot for ForumPost on mobile
Comparing screenshots for ForumPost on mobile
Comparing ForumPost on mobile with baseline

[[ATTACHMENT|playwright-tests.spec.js-snapshots/ForumPost-mobile-chromium-darwin.png]]

[[ATTACHMENT|test-results/playwright-tests-Visual-re-ff09f-uld-look-the-same-on-mobile-chromium/ForumPost-mobile-actual.png]]

[[ATTACHMENT|test-results/playwright-tests-Visual-re-ff09f-uld-look-the-same-on-mobile-chromium/ForumPost-mobile-diff.png]]

[[ATTACHMENT|test-results/playwright-tests-Visual-re-ff09f-uld-look-the-same-on-mobile-chromium/error-context.md]]
]]>
</system-out>
</testcase>
<testcase name="Visual regression test for ForumPost › ForumPost should look the same on tablet" classname="playwright-tests.spec.js" time="6.093">
<failure message="playwright-tests.spec.js:50:7 ForumPost should look the same on tablet" type="FAILURE">
<![CDATA[  [chromium] › playwright-tests.spec.js:50:7 › Visual regression test for ForumPost › ForumPost should look the same on tablet 

    Error: expect(Buffer).toMatchSnapshot(expected)

      Expected an image 1024px by 1139px, received 1024px by 1088px. 43916 pixels (ratio 0.04 of all image pixels) are different.

    Expected: /Users/danlinn/Sites/wavemetrics/.ci/test/visual-regression/playwright-tests.spec.js-snapshots/ForumPost-tablet-chromium-darwin.png
    Received: /Users/danlinn/Sites/wavemetrics/.ci/test/visual-regression/test-results/playwright-tests-Visual-re-18922-uld-look-the-same-on-tablet-chromium/ForumPost-tablet-actual.png
        Diff: /Users/danlinn/Sites/wavemetrics/.ci/test/visual-regression/test-results/playwright-tests-Visual-re-18922-uld-look-the-same-on-tablet-chromium/ForumPost-tablet-diff.png


      123 |
      124 |           // Use the configured thresholds from playwright.config.js
    > 125 |           await expect(screenshot).toMatchSnapshot(`${name}-${viewport}.png`);
          |                                    ^
      126 |         }
      127 |
      128 |         // Close the test page
        at /Users/danlinn/Sites/wavemetrics/.ci/test/visual-regression/playwright-tests.spec.js:125:36

    attachment #1: ForumPost-tablet-expected.png (image/png) ───────────────────────────────────────
    playwright-tests.spec.js-snapshots/ForumPost-tablet-chromium-darwin.png
    ────────────────────────────────────────────────────────────────────────────────────────────────

    attachment #2: ForumPost-tablet-actual.png (image/png) ─────────────────────────────────────────
    test-results/playwright-tests-Visual-re-18922-uld-look-the-same-on-tablet-chromium/ForumPost-tablet-actual.png
    ────────────────────────────────────────────────────────────────────────────────────────────────

    attachment #3: ForumPost-tablet-diff.png (image/png) ───────────────────────────────────────────
    test-results/playwright-tests-Visual-re-18922-uld-look-the-same-on-tablet-chromium/ForumPost-tablet-diff.png
    ────────────────────────────────────────────────────────────────────────────────────────────────

    Error Context: test-results/playwright-tests-Visual-re-18922-uld-look-the-same-on-tablet-chromium/error-context.md
]]>
</failure>
<system-out>
<![CDATA[Navigating to reference: https://dev-wavemetrics.pantheonsite.io/forum/general/how-ask-good-questions
Captured reference screenshot for ForumPost on tablet
Navigating to test: https://test-wavemetrics.pantheonsite.io/forum/general/how-ask-good-questions
Captured test screenshot for ForumPost on tablet
Comparing screenshots for ForumPost on tablet
Comparing ForumPost on tablet with baseline

[[ATTACHMENT|playwright-tests.spec.js-snapshots/ForumPost-tablet-chromium-darwin.png]]

[[ATTACHMENT|test-results/playwright-tests-Visual-re-18922-uld-look-the-same-on-tablet-chromium/ForumPost-tablet-actual.png]]

[[ATTACHMENT|test-results/playwright-tests-Visual-re-18922-uld-look-the-same-on-tablet-chromium/ForumPost-tablet-diff.png]]

[[ATTACHMENT|test-results/playwright-tests-Visual-re-18922-uld-look-the-same-on-tablet-chromium/error-context.md]]
]]>
</system-out>
</testcase>
<testcase name="Visual regression test for ForumPost › ForumPost should look the same on desktop" classname="playwright-tests.spec.js" time="6.08">
<failure message="playwright-tests.spec.js:50:7 ForumPost should look the same on desktop" type="FAILURE">
<![CDATA[  [chromium] › playwright-tests.spec.js:50:7 › Visual regression test for ForumPost › ForumPost should look the same on desktop 

    Error: expect(Buffer).toMatchSnapshot(expected)

      Expected an image 1920px by 1123px, received 1920px by 1080px. 43948 pixels (ratio 0.03 of all image pixels) are different.

    Expected: /Users/danlinn/Sites/wavemetrics/.ci/test/visual-regression/playwright-tests.spec.js-snapshots/ForumPost-desktop-chromium-darwin.png
    Received: /Users/danlinn/Sites/wavemetrics/.ci/test/visual-regression/test-results/playwright-tests-Visual-re-e9a36-ld-look-the-same-on-desktop-chromium/ForumPost-desktop-actual.png
        Diff: /Users/danlinn/Sites/wavemetrics/.ci/test/visual-regression/test-results/playwright-tests-Visual-re-e9a36-ld-look-the-same-on-desktop-chromium/ForumPost-desktop-diff.png


      123 |
      124 |           // Use the configured thresholds from playwright.config.js
    > 125 |           await expect(screenshot).toMatchSnapshot(`${name}-${viewport}.png`);
          |                                    ^
      126 |         }
      127 |
      128 |         // Close the test page
        at /Users/danlinn/Sites/wavemetrics/.ci/test/visual-regression/playwright-tests.spec.js:125:36

    attachment #1: ForumPost-desktop-expected.png (image/png) ──────────────────────────────────────
    playwright-tests.spec.js-snapshots/ForumPost-desktop-chromium-darwin.png
    ────────────────────────────────────────────────────────────────────────────────────────────────

    attachment #2: ForumPost-desktop-actual.png (image/png) ────────────────────────────────────────
    test-results/playwright-tests-Visual-re-e9a36-ld-look-the-same-on-desktop-chromium/ForumPost-desktop-actual.png
    ────────────────────────────────────────────────────────────────────────────────────────────────

    attachment #3: ForumPost-desktop-diff.png (image/png) ──────────────────────────────────────────
    test-results/playwright-tests-Visual-re-e9a36-ld-look-the-same-on-desktop-chromium/ForumPost-desktop-diff.png
    ────────────────────────────────────────────────────────────────────────────────────────────────

    Error Context: test-results/playwright-tests-Visual-re-e9a36-ld-look-the-same-on-desktop-chromium/error-context.md
]]>
</failure>
<system-out>
<![CDATA[Navigating to reference: https://dev-wavemetrics.pantheonsite.io/forum/general/how-ask-good-questions
Captured reference screenshot for ForumPost on desktop
Navigating to test: https://test-wavemetrics.pantheonsite.io/forum/general/how-ask-good-questions
Captured test screenshot for ForumPost on desktop
Comparing screenshots for ForumPost on desktop
Comparing ForumPost on desktop with baseline

[[ATTACHMENT|playwright-tests.spec.js-snapshots/ForumPost-desktop-chromium-darwin.png]]

[[ATTACHMENT|test-results/playwright-tests-Visual-re-e9a36-ld-look-the-same-on-desktop-chromium/ForumPost-desktop-actual.png]]

[[ATTACHMENT|test-results/playwright-tests-Visual-re-e9a36-ld-look-the-same-on-desktop-chromium/ForumPost-desktop-diff.png]]

[[ATTACHMENT|test-results/playwright-tests-Visual-re-e9a36-ld-look-the-same-on-desktop-chromium/error-context.md]]
]]>
</system-out>
</testcase>
<testcase name="Visual regression test for SupportPage › SupportPage should look the same on mobile" classname="playwright-tests.spec.js" time="6.288">
<failure message="playwright-tests.spec.js:50:7 SupportPage should look the same on mobile" type="FAILURE">
<![CDATA[  [chromium] › playwright-tests.spec.js:50:7 › Visual regression test for SupportPage › SupportPage should look the same on mobile 

    Error: expect(Buffer).toMatchSnapshot(expected)

      Expected an image 320px by 5375px, received 320px by 5330px. 114287 pixels (ratio 0.07 of all image pixels) are different.

    Expected: /Users/danlinn/Sites/wavemetrics/.ci/test/visual-regression/playwright-tests.spec.js-snapshots/SupportPage-mobile-chromium-darwin.png
    Received: /Users/danlinn/Sites/wavemetrics/.ci/test/visual-regression/test-results/playwright-tests-Visual-re-cee7a-uld-look-the-same-on-mobile-chromium/SupportPage-mobile-actual.png
        Diff: /Users/danlinn/Sites/wavemetrics/.ci/test/visual-regression/test-results/playwright-tests-Visual-re-cee7a-uld-look-the-same-on-mobile-chromium/SupportPage-mobile-diff.png


      123 |
      124 |           // Use the configured thresholds from playwright.config.js
    > 125 |           await expect(screenshot).toMatchSnapshot(`${name}-${viewport}.png`);
          |                                    ^
      126 |         }
      127 |
      128 |         // Close the test page
        at /Users/danlinn/Sites/wavemetrics/.ci/test/visual-regression/playwright-tests.spec.js:125:36

    attachment #1: SupportPage-mobile-expected.png (image/png) ─────────────────────────────────────
    playwright-tests.spec.js-snapshots/SupportPage-mobile-chromium-darwin.png
    ────────────────────────────────────────────────────────────────────────────────────────────────

    attachment #2: SupportPage-mobile-actual.png (image/png) ───────────────────────────────────────
    test-results/playwright-tests-Visual-re-cee7a-uld-look-the-same-on-mobile-chromium/SupportPage-mobile-actual.png
    ────────────────────────────────────────────────────────────────────────────────────────────────

    attachment #3: SupportPage-mobile-diff.png (image/png) ─────────────────────────────────────────
    test-results/playwright-tests-Visual-re-cee7a-uld-look-the-same-on-mobile-chromium/SupportPage-mobile-diff.png
    ────────────────────────────────────────────────────────────────────────────────────────────────

    Error Context: test-results/playwright-tests-Visual-re-cee7a-uld-look-the-same-on-mobile-chromium/error-context.md
]]>
</failure>
<system-out>
<![CDATA[Navigating to reference: https://dev-wavemetrics.pantheonsite.io/support
Captured reference screenshot for SupportPage on mobile
Navigating to test: https://test-wavemetrics.pantheonsite.io/support
Captured test screenshot for SupportPage on mobile
Comparing screenshots for SupportPage on mobile
Comparing SupportPage on mobile with baseline

[[ATTACHMENT|playwright-tests.spec.js-snapshots/SupportPage-mobile-chromium-darwin.png]]

[[ATTACHMENT|test-results/playwright-tests-Visual-re-cee7a-uld-look-the-same-on-mobile-chromium/SupportPage-mobile-actual.png]]

[[ATTACHMENT|test-results/playwright-tests-Visual-re-cee7a-uld-look-the-same-on-mobile-chromium/SupportPage-mobile-diff.png]]

[[ATTACHMENT|test-results/playwright-tests-Visual-re-cee7a-uld-look-the-same-on-mobile-chromium/error-context.md]]
]]>
</system-out>
</testcase>
<testcase name="Visual regression test for SupportPage › SupportPage should look the same on tablet" classname="playwright-tests.spec.js" time="6.574">
<failure message="playwright-tests.spec.js:50:7 SupportPage should look the same on tablet" type="FAILURE">
<![CDATA[  [chromium] › playwright-tests.spec.js:50:7 › Visual regression test for SupportPage › SupportPage should look the same on tablet 

    Error: expect(Buffer).toMatchSnapshot(expected)

      Expected an image 1024px by 2989px, received 1024px by 2949px. 121984 pixels (ratio 0.04 of all image pixels) are different.

    Expected: /Users/danlinn/Sites/wavemetrics/.ci/test/visual-regression/playwright-tests.spec.js-snapshots/SupportPage-tablet-chromium-darwin.png
    Received: /Users/danlinn/Sites/wavemetrics/.ci/test/visual-regression/test-results/playwright-tests-Visual-re-8e19f-uld-look-the-same-on-tablet-chromium/SupportPage-tablet-actual.png
        Diff: /Users/danlinn/Sites/wavemetrics/.ci/test/visual-regression/test-results/playwright-tests-Visual-re-8e19f-uld-look-the-same-on-tablet-chromium/SupportPage-tablet-diff.png


      123 |
      124 |           // Use the configured thresholds from playwright.config.js
    > 125 |           await expect(screenshot).toMatchSnapshot(`${name}-${viewport}.png`);
          |                                    ^
      126 |         }
      127 |
      128 |         // Close the test page
        at /Users/danlinn/Sites/wavemetrics/.ci/test/visual-regression/playwright-tests.spec.js:125:36

    attachment #1: SupportPage-tablet-expected.png (image/png) ─────────────────────────────────────
    playwright-tests.spec.js-snapshots/SupportPage-tablet-chromium-darwin.png
    ────────────────────────────────────────────────────────────────────────────────────────────────

    attachment #2: SupportPage-tablet-actual.png (image/png) ───────────────────────────────────────
    test-results/playwright-tests-Visual-re-8e19f-uld-look-the-same-on-tablet-chromium/SupportPage-tablet-actual.png
    ────────────────────────────────────────────────────────────────────────────────────────────────

    attachment #3: SupportPage-tablet-diff.png (image/png) ─────────────────────────────────────────
    test-results/playwright-tests-Visual-re-8e19f-uld-look-the-same-on-tablet-chromium/SupportPage-tablet-diff.png
    ────────────────────────────────────────────────────────────────────────────────────────────────

    Error Context: test-results/playwright-tests-Visual-re-8e19f-uld-look-the-same-on-tablet-chromium/error-context.md
]]>
</failure>
<system-out>
<![CDATA[Navigating to reference: https://dev-wavemetrics.pantheonsite.io/support
Captured reference screenshot for SupportPage on tablet
Navigating to test: https://test-wavemetrics.pantheonsite.io/support
Captured test screenshot for SupportPage on tablet
Comparing screenshots for SupportPage on tablet
Comparing SupportPage on tablet with baseline

[[ATTACHMENT|playwright-tests.spec.js-snapshots/SupportPage-tablet-chromium-darwin.png]]

[[ATTACHMENT|test-results/playwright-tests-Visual-re-8e19f-uld-look-the-same-on-tablet-chromium/SupportPage-tablet-actual.png]]

[[ATTACHMENT|test-results/playwright-tests-Visual-re-8e19f-uld-look-the-same-on-tablet-chromium/SupportPage-tablet-diff.png]]

[[ATTACHMENT|test-results/playwright-tests-Visual-re-8e19f-uld-look-the-same-on-tablet-chromium/error-context.md]]
]]>
</system-out>
</testcase>
<testcase name="Visual regression test for SupportPage › SupportPage should look the same on desktop" classname="playwright-tests.spec.js" time="7.306">
<failure message="playwright-tests.spec.js:50:7 SupportPage should look the same on desktop" type="FAILURE">
<![CDATA[  [chromium] › playwright-tests.spec.js:50:7 › Visual regression test for SupportPage › SupportPage should look the same on desktop 

    Error: expect(Buffer).toMatchSnapshot(expected)

      Expected an image 1920px by 2892px, received 1920px by 2824px. 127768 pixels (ratio 0.03 of all image pixels) are different.

    Expected: /Users/danlinn/Sites/wavemetrics/.ci/test/visual-regression/playwright-tests.spec.js-snapshots/SupportPage-desktop-chromium-darwin.png
    Received: /Users/danlinn/Sites/wavemetrics/.ci/test/visual-regression/test-results/playwright-tests-Visual-re-0b9c7-ld-look-the-same-on-desktop-chromium/SupportPage-desktop-actual.png
        Diff: /Users/danlinn/Sites/wavemetrics/.ci/test/visual-regression/test-results/playwright-tests-Visual-re-0b9c7-ld-look-the-same-on-desktop-chromium/SupportPage-desktop-diff.png


      123 |
      124 |           // Use the configured thresholds from playwright.config.js
    > 125 |           await expect(screenshot).toMatchSnapshot(`${name}-${viewport}.png`);
          |                                    ^
      126 |         }
      127 |
      128 |         // Close the test page
        at /Users/danlinn/Sites/wavemetrics/.ci/test/visual-regression/playwright-tests.spec.js:125:36

    attachment #1: SupportPage-desktop-expected.png (image/png) ────────────────────────────────────
    playwright-tests.spec.js-snapshots/SupportPage-desktop-chromium-darwin.png
    ────────────────────────────────────────────────────────────────────────────────────────────────

    attachment #2: SupportPage-desktop-actual.png (image/png) ──────────────────────────────────────
    test-results/playwright-tests-Visual-re-0b9c7-ld-look-the-same-on-desktop-chromium/SupportPage-desktop-actual.png
    ────────────────────────────────────────────────────────────────────────────────────────────────

    attachment #3: SupportPage-desktop-diff.png (image/png) ────────────────────────────────────────
    test-results/playwright-tests-Visual-re-0b9c7-ld-look-the-same-on-desktop-chromium/SupportPage-desktop-diff.png
    ────────────────────────────────────────────────────────────────────────────────────────────────

    Error Context: test-results/playwright-tests-Visual-re-0b9c7-ld-look-the-same-on-desktop-chromium/error-context.md
]]>
</failure>
<system-out>
<![CDATA[Navigating to reference: https://dev-wavemetrics.pantheonsite.io/support
Captured reference screenshot for SupportPage on desktop
Navigating to test: https://test-wavemetrics.pantheonsite.io/support
Captured test screenshot for SupportPage on desktop
Comparing screenshots for SupportPage on desktop
Comparing SupportPage on desktop with baseline

[[ATTACHMENT|playwright-tests.spec.js-snapshots/SupportPage-desktop-chromium-darwin.png]]

[[ATTACHMENT|test-results/playwright-tests-Visual-re-0b9c7-ld-look-the-same-on-desktop-chromium/SupportPage-desktop-actual.png]]

[[ATTACHMENT|test-results/playwright-tests-Visual-re-0b9c7-ld-look-the-same-on-desktop-chromium/SupportPage-desktop-diff.png]]

[[ATTACHMENT|test-results/playwright-tests-Visual-re-0b9c7-ld-look-the-same-on-desktop-chromium/error-context.md]]
]]>
</system-out>
</testcase>
<testcase name="Visual regression test for IgorProProduct › IgorProProduct should look the same on mobile" classname="playwright-tests.spec.js" time="9.608">
<failure message="playwright-tests.spec.js:50:7 IgorProProduct should look the same on mobile" type="FAILURE">
<![CDATA[  [chromium] › playwright-tests.spec.js:50:7 › Visual regression test for IgorProProduct › IgorProProduct should look the same on mobile 

    Error: expect(Buffer).toMatchSnapshot(expected)

      Expected an image 320px by 9234px, received 331px by 22196px. 576036 pixels (ratio 0.08 of all image pixels) are different.

    Expected: /Users/danlinn/Sites/wavemetrics/.ci/test/visual-regression/playwright-tests.spec.js-snapshots/IgorProProduct-mobile-chromium-darwin.png
    Received: /Users/danlinn/Sites/wavemetrics/.ci/test/visual-regression/test-results/playwright-tests-Visual-re-65ecc-uld-look-the-same-on-mobile-chromium/IgorProProduct-mobile-actual.png
        Diff: /Users/danlinn/Sites/wavemetrics/.ci/test/visual-regression/test-results/playwright-tests-Visual-re-65ecc-uld-look-the-same-on-mobile-chromium/IgorProProduct-mobile-diff.png


      123 |
      124 |           // Use the configured thresholds from playwright.config.js
    > 125 |           await expect(screenshot).toMatchSnapshot(`${name}-${viewport}.png`);
          |                                    ^
      126 |         }
      127 |
      128 |         // Close the test page
        at /Users/danlinn/Sites/wavemetrics/.ci/test/visual-regression/playwright-tests.spec.js:125:36

    attachment #1: IgorProProduct-mobile-expected.png (image/png) ──────────────────────────────────
    playwright-tests.spec.js-snapshots/IgorProProduct-mobile-chromium-darwin.png
    ────────────────────────────────────────────────────────────────────────────────────────────────

    attachment #2: IgorProProduct-mobile-actual.png (image/png) ────────────────────────────────────
    test-results/playwright-tests-Visual-re-65ecc-uld-look-the-same-on-mobile-chromium/IgorProProduct-mobile-actual.png
    ────────────────────────────────────────────────────────────────────────────────────────────────

    attachment #3: IgorProProduct-mobile-diff.png (image/png) ──────────────────────────────────────
    test-results/playwright-tests-Visual-re-65ecc-uld-look-the-same-on-mobile-chromium/IgorProProduct-mobile-diff.png
    ────────────────────────────────────────────────────────────────────────────────────────────────

    Error Context: test-results/playwright-tests-Visual-re-65ecc-uld-look-the-same-on-mobile-chromium/error-context.md
]]>
</failure>
<system-out>
<![CDATA[Navigating to reference: https://dev-wavemetrics.pantheonsite.io/products/igorpro
Captured reference screenshot for IgorProProduct on mobile
Navigating to test: https://test-wavemetrics.pantheonsite.io/products/igorpro
Captured test screenshot for IgorProProduct on mobile
Comparing screenshots for IgorProProduct on mobile
Comparing IgorProProduct on mobile with baseline

[[ATTACHMENT|playwright-tests.spec.js-snapshots/IgorProProduct-mobile-chromium-darwin.png]]

[[ATTACHMENT|test-results/playwright-tests-Visual-re-65ecc-uld-look-the-same-on-mobile-chromium/IgorProProduct-mobile-actual.png]]

[[ATTACHMENT|test-results/playwright-tests-Visual-re-65ecc-uld-look-the-same-on-mobile-chromium/IgorProProduct-mobile-diff.png]]

[[ATTACHMENT|test-results/playwright-tests-Visual-re-65ecc-uld-look-the-same-on-mobile-chromium/error-context.md]]
]]>
</system-out>
</testcase>
<testcase name="Visual regression test for IgorProProduct › IgorProProduct should look the same on tablet" classname="playwright-tests.spec.js" time="9.117">
<failure message="playwright-tests.spec.js:50:7 IgorProProduct should look the same on tablet" type="FAILURE">
<![CDATA[  [chromium] › playwright-tests.spec.js:50:7 › Visual regression test for IgorProProduct › IgorProProduct should look the same on tablet 

    Error: expect(Buffer).toMatchSnapshot(expected)

      Expected an image 1024px by 5089px, received 1024px by 14599px. 725582 pixels (ratio 0.05 of all image pixels) are different.

    Expected: /Users/danlinn/Sites/wavemetrics/.ci/test/visual-regression/playwright-tests.spec.js-snapshots/IgorProProduct-tablet-chromium-darwin.png
    Received: /Users/danlinn/Sites/wavemetrics/.ci/test/visual-regression/test-results/playwright-tests-Visual-re-38dc6-uld-look-the-same-on-tablet-chromium/IgorProProduct-tablet-actual.png
        Diff: /Users/danlinn/Sites/wavemetrics/.ci/test/visual-regression/test-results/playwright-tests-Visual-re-38dc6-uld-look-the-same-on-tablet-chromium/IgorProProduct-tablet-diff.png


      123 |
      124 |           // Use the configured thresholds from playwright.config.js
    > 125 |           await expect(screenshot).toMatchSnapshot(`${name}-${viewport}.png`);
          |                                    ^
      126 |         }
      127 |
      128 |         // Close the test page
        at /Users/danlinn/Sites/wavemetrics/.ci/test/visual-regression/playwright-tests.spec.js:125:36

    attachment #1: IgorProProduct-tablet-expected.png (image/png) ──────────────────────────────────
    playwright-tests.spec.js-snapshots/IgorProProduct-tablet-chromium-darwin.png
    ────────────────────────────────────────────────────────────────────────────────────────────────

    attachment #2: IgorProProduct-tablet-actual.png (image/png) ────────────────────────────────────
    test-results/playwright-tests-Visual-re-38dc6-uld-look-the-same-on-tablet-chromium/IgorProProduct-tablet-actual.png
    ────────────────────────────────────────────────────────────────────────────────────────────────

    attachment #3: IgorProProduct-tablet-diff.png (image/png) ──────────────────────────────────────
    test-results/playwright-tests-Visual-re-38dc6-uld-look-the-same-on-tablet-chromium/IgorProProduct-tablet-diff.png
    ────────────────────────────────────────────────────────────────────────────────────────────────

    Error Context: test-results/playwright-tests-Visual-re-38dc6-uld-look-the-same-on-tablet-chromium/error-context.md
]]>
</failure>
<system-out>
<![CDATA[Navigating to reference: https://dev-wavemetrics.pantheonsite.io/products/igorpro
Captured reference screenshot for IgorProProduct on tablet
Navigating to test: https://test-wavemetrics.pantheonsite.io/products/igorpro
Captured test screenshot for IgorProProduct on tablet
Comparing screenshots for IgorProProduct on tablet
Comparing IgorProProduct on tablet with baseline

[[ATTACHMENT|playwright-tests.spec.js-snapshots/IgorProProduct-tablet-chromium-darwin.png]]

[[ATTACHMENT|test-results/playwright-tests-Visual-re-38dc6-uld-look-the-same-on-tablet-chromium/IgorProProduct-tablet-actual.png]]

[[ATTACHMENT|test-results/playwright-tests-Visual-re-38dc6-uld-look-the-same-on-tablet-chromium/IgorProProduct-tablet-diff.png]]

[[ATTACHMENT|test-results/playwright-tests-Visual-re-38dc6-uld-look-the-same-on-tablet-chromium/error-context.md]]
]]>
</system-out>
</testcase>
<testcase name="Visual regression test for IgorProProduct › IgorProProduct should look the same on desktop" classname="playwright-tests.spec.js" time="10.982">
<failure message="playwright-tests.spec.js:50:7 IgorProProduct should look the same on desktop" type="FAILURE">
<![CDATA[  [chromium] › playwright-tests.spec.js:50:7 › Visual regression test for IgorProProduct › IgorProProduct should look the same on desktop 

    Error: expect(Buffer).toMatchSnapshot(expected)

      Expected an image 1920px by 4988px, received 1920px by 14064px. 923344 pixels (ratio 0.04 of all image pixels) are different.

    Expected: /Users/danlinn/Sites/wavemetrics/.ci/test/visual-regression/playwright-tests.spec.js-snapshots/IgorProProduct-desktop-chromium-darwin.png
    Received: /Users/danlinn/Sites/wavemetrics/.ci/test/visual-regression/test-results/playwright-tests-Visual-re-9e5cf-ld-look-the-same-on-desktop-chromium/IgorProProduct-desktop-actual.png
        Diff: /Users/danlinn/Sites/wavemetrics/.ci/test/visual-regression/test-results/playwright-tests-Visual-re-9e5cf-ld-look-the-same-on-desktop-chromium/IgorProProduct-desktop-diff.png


      123 |
      124 |           // Use the configured thresholds from playwright.config.js
    > 125 |           await expect(screenshot).toMatchSnapshot(`${name}-${viewport}.png`);
          |                                    ^
      126 |         }
      127 |
      128 |         // Close the test page
        at /Users/danlinn/Sites/wavemetrics/.ci/test/visual-regression/playwright-tests.spec.js:125:36

    attachment #1: IgorProProduct-desktop-expected.png (image/png) ─────────────────────────────────
    playwright-tests.spec.js-snapshots/IgorProProduct-desktop-chromium-darwin.png
    ────────────────────────────────────────────────────────────────────────────────────────────────

    attachment #2: IgorProProduct-desktop-actual.png (image/png) ───────────────────────────────────
    test-results/playwright-tests-Visual-re-9e5cf-ld-look-the-same-on-desktop-chromium/IgorProProduct-desktop-actual.png
    ────────────────────────────────────────────────────────────────────────────────────────────────

    attachment #3: IgorProProduct-desktop-diff.png (image/png) ─────────────────────────────────────
    test-results/playwright-tests-Visual-re-9e5cf-ld-look-the-same-on-desktop-chromium/IgorProProduct-desktop-diff.png
    ────────────────────────────────────────────────────────────────────────────────────────────────

    Error Context: test-results/playwright-tests-Visual-re-9e5cf-ld-look-the-same-on-desktop-chromium/error-context.md
]]>
</failure>
<system-out>
<![CDATA[Navigating to reference: https://dev-wavemetrics.pantheonsite.io/products/igorpro
Captured reference screenshot for IgorProProduct on desktop
Navigating to test: https://test-wavemetrics.pantheonsite.io/products/igorpro
Captured test screenshot for IgorProProduct on desktop
Comparing screenshots for IgorProProduct on desktop
Comparing IgorProProduct on desktop with baseline

[[ATTACHMENT|playwright-tests.spec.js-snapshots/IgorProProduct-desktop-chromium-darwin.png]]

[[ATTACHMENT|test-results/playwright-tests-Visual-re-9e5cf-ld-look-the-same-on-desktop-chromium/IgorProProduct-desktop-actual.png]]

[[ATTACHMENT|test-results/playwright-tests-Visual-re-9e5cf-ld-look-the-same-on-desktop-chromium/IgorProProduct-desktop-diff.png]]

[[ATTACHMENT|test-results/playwright-tests-Visual-re-9e5cf-ld-look-the-same-on-desktop-chromium/error-context.md]]
]]>
</system-out>
</testcase>
<testcase name="Visual regression test for IgorPro9 › IgorPro9 should look the same on mobile" classname="playwright-tests.spec.js" time="6.829">
<failure message="playwright-tests.spec.js:50:7 IgorPro9 should look the same on mobile" type="FAILURE">
<![CDATA[  [chromium] › playwright-tests.spec.js:50:7 › Visual regression test for IgorPro9 › IgorPro9 should look the same on mobile 

    Error: expect(Buffer).toMatchSnapshot(expected)

      Expected an image 320px by 2354px, received 320px by 10413px. 162787 pixels (ratio 0.05 of all image pixels) are different.

    Expected: /Users/danlinn/Sites/wavemetrics/.ci/test/visual-regression/playwright-tests.spec.js-snapshots/IgorPro9-mobile-chromium-darwin.png
    Received: /Users/danlinn/Sites/wavemetrics/.ci/test/visual-regression/test-results/playwright-tests-Visual-re-0e604-uld-look-the-same-on-mobile-chromium/IgorPro9-mobile-actual.png
        Diff: /Users/danlinn/Sites/wavemetrics/.ci/test/visual-regression/test-results/playwright-tests-Visual-re-0e604-uld-look-the-same-on-mobile-chromium/IgorPro9-mobile-diff.png


      123 |
      124 |           // Use the configured thresholds from playwright.config.js
    > 125 |           await expect(screenshot).toMatchSnapshot(`${name}-${viewport}.png`);
          |                                    ^
      126 |         }
      127 |
      128 |         // Close the test page
        at /Users/danlinn/Sites/wavemetrics/.ci/test/visual-regression/playwright-tests.spec.js:125:36

    attachment #1: IgorPro9-mobile-expected.png (image/png) ────────────────────────────────────────
    playwright-tests.spec.js-snapshots/IgorPro9-mobile-chromium-darwin.png
    ────────────────────────────────────────────────────────────────────────────────────────────────

    attachment #2: IgorPro9-mobile-actual.png (image/png) ──────────────────────────────────────────
    test-results/playwright-tests-Visual-re-0e604-uld-look-the-same-on-mobile-chromium/IgorPro9-mobile-actual.png
    ────────────────────────────────────────────────────────────────────────────────────────────────

    attachment #3: IgorPro9-mobile-diff.png (image/png) ────────────────────────────────────────────
    test-results/playwright-tests-Visual-re-0e604-uld-look-the-same-on-mobile-chromium/IgorPro9-mobile-diff.png
    ────────────────────────────────────────────────────────────────────────────────────────────────

    Error Context: test-results/playwright-tests-Visual-re-0e604-uld-look-the-same-on-mobile-chromium/error-context.md
]]>
</failure>
<system-out>
<![CDATA[Navigating to reference: https://dev-wavemetrics.pantheonsite.io/software/igor-pro-9
Captured reference screenshot for IgorPro9 on mobile
Navigating to test: https://test-wavemetrics.pantheonsite.io/software/igor-pro-9
Captured test screenshot for IgorPro9 on mobile
Comparing screenshots for IgorPro9 on mobile
Comparing IgorPro9 on mobile with baseline

[[ATTACHMENT|playwright-tests.spec.js-snapshots/IgorPro9-mobile-chromium-darwin.png]]

[[ATTACHMENT|test-results/playwright-tests-Visual-re-0e604-uld-look-the-same-on-mobile-chromium/IgorPro9-mobile-actual.png]]

[[ATTACHMENT|test-results/playwright-tests-Visual-re-0e604-uld-look-the-same-on-mobile-chromium/IgorPro9-mobile-diff.png]]

[[ATTACHMENT|test-results/playwright-tests-Visual-re-0e604-uld-look-the-same-on-mobile-chromium/error-context.md]]
]]>
</system-out>
</testcase>
<testcase name="Visual regression test for IgorPro9 › IgorPro9 should look the same on tablet" classname="playwright-tests.spec.js" time="7.283">
<failure message="playwright-tests.spec.js:50:7 IgorPro9 should look the same on tablet" type="FAILURE">
<![CDATA[  [chromium] › playwright-tests.spec.js:50:7 › Visual regression test for IgorPro9 › IgorPro9 should look the same on tablet 

    Error: expect(Buffer).toMatchSnapshot(expected)

      Expected an image 1024px by 1401px, received 1024px by 5646px. 172404 pixels (ratio 0.03 of all image pixels) are different.

    Expected: /Users/danlinn/Sites/wavemetrics/.ci/test/visual-regression/playwright-tests.spec.js-snapshots/IgorPro9-tablet-chromium-darwin.png
    Received: /Users/danlinn/Sites/wavemetrics/.ci/test/visual-regression/test-results/playwright-tests-Visual-re-19096-uld-look-the-same-on-tablet-chromium/IgorPro9-tablet-actual.png
        Diff: /Users/danlinn/Sites/wavemetrics/.ci/test/visual-regression/test-results/playwright-tests-Visual-re-19096-uld-look-the-same-on-tablet-chromium/IgorPro9-tablet-diff.png


      123 |
      124 |           // Use the configured thresholds from playwright.config.js
    > 125 |           await expect(screenshot).toMatchSnapshot(`${name}-${viewport}.png`);
          |                                    ^
      126 |         }
      127 |
      128 |         // Close the test page
        at /Users/danlinn/Sites/wavemetrics/.ci/test/visual-regression/playwright-tests.spec.js:125:36

    attachment #1: IgorPro9-tablet-expected.png (image/png) ────────────────────────────────────────
    playwright-tests.spec.js-snapshots/IgorPro9-tablet-chromium-darwin.png
    ────────────────────────────────────────────────────────────────────────────────────────────────

    attachment #2: IgorPro9-tablet-actual.png (image/png) ──────────────────────────────────────────
    test-results/playwright-tests-Visual-re-19096-uld-look-the-same-on-tablet-chromium/IgorPro9-tablet-actual.png
    ────────────────────────────────────────────────────────────────────────────────────────────────

    attachment #3: IgorPro9-tablet-diff.png (image/png) ────────────────────────────────────────────
    test-results/playwright-tests-Visual-re-19096-uld-look-the-same-on-tablet-chromium/IgorPro9-tablet-diff.png
    ────────────────────────────────────────────────────────────────────────────────────────────────

    Error Context: test-results/playwright-tests-Visual-re-19096-uld-look-the-same-on-tablet-chromium/error-context.md
]]>
</failure>
<system-out>
<![CDATA[Navigating to reference: https://dev-wavemetrics.pantheonsite.io/software/igor-pro-9
Captured reference screenshot for IgorPro9 on tablet
Navigating to test: https://test-wavemetrics.pantheonsite.io/software/igor-pro-9
Captured test screenshot for IgorPro9 on tablet
Comparing screenshots for IgorPro9 on tablet
Comparing IgorPro9 on tablet with baseline

[[ATTACHMENT|playwright-tests.spec.js-snapshots/IgorPro9-tablet-chromium-darwin.png]]

[[ATTACHMENT|test-results/playwright-tests-Visual-re-19096-uld-look-the-same-on-tablet-chromium/IgorPro9-tablet-actual.png]]

[[ATTACHMENT|test-results/playwright-tests-Visual-re-19096-uld-look-the-same-on-tablet-chromium/IgorPro9-tablet-diff.png]]

[[ATTACHMENT|test-results/playwright-tests-Visual-re-19096-uld-look-the-same-on-tablet-chromium/error-context.md]]
]]>
</system-out>
</testcase>
<testcase name="Visual regression test for IgorPro9 › IgorPro9 should look the same on desktop" classname="playwright-tests.spec.js" time="7.631">
<failure message="playwright-tests.spec.js:50:7 IgorPro9 should look the same on desktop" type="FAILURE">
<![CDATA[  [chromium] › playwright-tests.spec.js:50:7 › Visual regression test for IgorPro9 › IgorPro9 should look the same on desktop 

    Error: expect(Buffer).toMatchSnapshot(expected)

      Expected an image 1920px by 1351px, received 1920px by 5224px. 171981 pixels (ratio 0.02 of all image pixels) are different.

    Expected: /Users/danlinn/Sites/wavemetrics/.ci/test/visual-regression/playwright-tests.spec.js-snapshots/IgorPro9-desktop-chromium-darwin.png
    Received: /Users/danlinn/Sites/wavemetrics/.ci/test/visual-regression/test-results/playwright-tests-Visual-re-468dd-ld-look-the-same-on-desktop-chromium/IgorPro9-desktop-actual.png
        Diff: /Users/danlinn/Sites/wavemetrics/.ci/test/visual-regression/test-results/playwright-tests-Visual-re-468dd-ld-look-the-same-on-desktop-chromium/IgorPro9-desktop-diff.png


      123 |
      124 |           // Use the configured thresholds from playwright.config.js
    > 125 |           await expect(screenshot).toMatchSnapshot(`${name}-${viewport}.png`);
          |                                    ^
      126 |         }
      127 |
      128 |         // Close the test page
        at /Users/danlinn/Sites/wavemetrics/.ci/test/visual-regression/playwright-tests.spec.js:125:36

    attachment #1: IgorPro9-desktop-expected.png (image/png) ───────────────────────────────────────
    playwright-tests.spec.js-snapshots/IgorPro9-desktop-chromium-darwin.png
    ────────────────────────────────────────────────────────────────────────────────────────────────

    attachment #2: IgorPro9-desktop-actual.png (image/png) ─────────────────────────────────────────
    test-results/playwright-tests-Visual-re-468dd-ld-look-the-same-on-desktop-chromium/IgorPro9-desktop-actual.png
    ────────────────────────────────────────────────────────────────────────────────────────────────

    attachment #3: IgorPro9-desktop-diff.png (image/png) ───────────────────────────────────────────
    test-results/playwright-tests-Visual-re-468dd-ld-look-the-same-on-desktop-chromium/IgorPro9-desktop-diff.png
    ────────────────────────────────────────────────────────────────────────────────────────────────

    Error Context: test-results/playwright-tests-Visual-re-468dd-ld-look-the-same-on-desktop-chromium/error-context.md
]]>
</failure>
<system-out>
<![CDATA[Navigating to reference: https://dev-wavemetrics.pantheonsite.io/software/igor-pro-9
Captured reference screenshot for IgorPro9 on desktop
Navigating to test: https://test-wavemetrics.pantheonsite.io/software/igor-pro-9
Captured test screenshot for IgorPro9 on desktop
Comparing screenshots for IgorPro9 on desktop
Comparing IgorPro9 on desktop with baseline

[[ATTACHMENT|playwright-tests.spec.js-snapshots/IgorPro9-desktop-chromium-darwin.png]]

[[ATTACHMENT|test-results/playwright-tests-Visual-re-468dd-ld-look-the-same-on-desktop-chromium/IgorPro9-desktop-actual.png]]

[[ATTACHMENT|test-results/playwright-tests-Visual-re-468dd-ld-look-the-same-on-desktop-chromium/IgorPro9-desktop-diff.png]]

[[ATTACHMENT|test-results/playwright-tests-Visual-re-468dd-ld-look-the-same-on-desktop-chromium/error-context.md]]
]]>
</system-out>
</testcase>
</testsuite>
</testsuites>