<testsuites id="" name="" tests="21" failures="4" skipped="0" errors="0" time="39.069025">
<testsuite name="playwright-tests.spec.js" timestamp="2025-05-31T06:49:55.565Z" hostname="chromium" tests="21" failures="4" skipped="0" time="146.716" errors="0">
<testcase name="Visual regression test for UserLogin › UserLogin should look the same on mobile" classname="playwright-tests.spec.js" time="7.31">
<system-out>
<![CDATA[Pre-warming cache for: https://wav-200-wavemetrics.pantheonsite.io//user/login
Successfully pre-warmed cache for: https://wav-200-wavemetrics.pantheonsite.io//user/login
Navigating to: https://wav-200-wavemetrics.pantheonsite.io//user/login
Regular test for UserLogin on mobile
]]>
</system-out>
</testcase>
<testcase name="Visual regression test for UserLogin › UserLogin should look the same on tablet" classname="playwright-tests.spec.js" time="7.258">
<system-out>
<![CDATA[Navigating to: https://wav-200-wavemetrics.pantheonsite.io//user/login
Regular test for UserLogin on tablet
]]>
</system-out>
</testcase>
<testcase name="Visual regression test for UserLogin › UserLogin should look the same on desktop" classname="playwright-tests.spec.js" time="7.74">
<failure message="playwright-tests.spec.js:79:7 UserLogin should look the same on desktop" type="FAILURE">
<![CDATA[  [chromium] › playwright-tests.spec.js:79:7 › Visual regression test for UserLogin › UserLogin should look the same on desktop 

    Error: expect(page).toHaveScreenshot(expected)

      15411 pixels (ratio 0.01 of all image pixels) are different.

    Expected: /Users/danlinn/Sites/wavemetrics/.ci/test/visual-regression/playwright-tests.spec.js-snapshots/UserLogin-desktop-chromium-darwin.png
    Received: /Users/danlinn/Sites/wavemetrics/.ci/test/visual-regression/test-results/playwright-tests-Visual-re-3493d-ld-look-the-same-on-desktop-chromium/UserLogin-desktop-actual.png
        Diff: /Users/danlinn/Sites/wavemetrics/.ci/test/visual-regression/test-results/playwright-tests-Visual-re-3493d-ld-look-the-same-on-desktop-chromium/UserLogin-desktop-diff.png

    Call log:
      - expect.toHaveScreenshot(UserLogin-desktop.png) with timeout 10000ms
        - verifying given screenshot expectation
      - taking page screenshot
        - disabled all CSS animations
      - waiting for fonts to load...
      - fonts loaded
      - 15411 pixels (ratio 0.01 of all image pixels) are different.
      - waiting 100ms before taking screenshot
      - taking page screenshot
        - disabled all CSS animations
      - waiting for fonts to load...
      - fonts loaded
      - captured a stable screenshot
      - 15411 pixels (ratio 0.01 of all image pixels) are different.


      132 |         console.log(`${isRetry ? 'RETRY with higher thresholds' : 'Regular test'} for ${name} on ${viewport}`);
      133 |         
    > 134 |         await expect(testPage).toHaveScreenshot(`${name.replace(/ /g, "-")}-${viewport}.png`, {
          |                                ^
      135 |           maxDiffPixelRatio: isRetry ? 0.2 : 0.1,      // Double the allowed diff ratio on retry
      136 |           threshold: isRetry ? 0.3 : 0.2,             // Higher color difference threshold on retry
      137 |           maxDiffPixels: isRetry ? 500 : 100,         // Allow more different pixels on retry
        at /Users/danlinn/Sites/wavemetrics/.ci/test/visual-regression/playwright-tests.spec.js:134:32

    attachment #1: UserLogin-desktop-expected.png (image/png) ──────────────────────────────────────
    playwright-tests.spec.js-snapshots/UserLogin-desktop-chromium-darwin.png
    ────────────────────────────────────────────────────────────────────────────────────────────────

    attachment #2: UserLogin-desktop-actual.png (image/png) ────────────────────────────────────────
    test-results/playwright-tests-Visual-re-3493d-ld-look-the-same-on-desktop-chromium/UserLogin-desktop-actual.png
    ────────────────────────────────────────────────────────────────────────────────────────────────

    attachment #3: UserLogin-desktop-diff.png (image/png) ──────────────────────────────────────────
    test-results/playwright-tests-Visual-re-3493d-ld-look-the-same-on-desktop-chromium/UserLogin-desktop-diff.png
    ────────────────────────────────────────────────────────────────────────────────────────────────

    Error Context: test-results/playwright-tests-Visual-re-3493d-ld-look-the-same-on-desktop-chromium/error-context.md
]]>
</failure>
<system-out>
<![CDATA[Navigating to: https://wav-200-wavemetrics.pantheonsite.io//user/login
Regular test for UserLogin on desktop

[[ATTACHMENT|../playwright-tests.spec.js-snapshots/UserLogin-desktop-chromium-darwin.png]]

[[ATTACHMENT|playwright-tests-Visual-re-3493d-ld-look-the-same-on-desktop-chromium/UserLogin-desktop-actual.png]]

[[ATTACHMENT|playwright-tests-Visual-re-3493d-ld-look-the-same-on-desktop-chromium/UserLogin-desktop-diff.png]]

[[ATTACHMENT|playwright-tests-Visual-re-3493d-ld-look-the-same-on-desktop-chromium/error-context.md]]
]]>
</system-out>
</testcase>
<testcase name="Visual regression test for ProductPage › ProductPage should look the same on mobile" classname="playwright-tests.spec.js" time="6.802">
<failure message="playwright-tests.spec.js:79:7 ProductPage should look the same on mobile" type="FAILURE">
<![CDATA[  [chromium] › playwright-tests.spec.js:79:7 › Visual regression test for ProductPage › ProductPage should look the same on mobile 

    Error: expect(page).toHaveScreenshot(expected)

      16358 pixels (ratio 0.11 of all image pixels) are different.

    Expected: /Users/danlinn/Sites/wavemetrics/.ci/test/visual-regression/playwright-tests.spec.js-snapshots/ProductPage-mobile-chromium-darwin.png
    Received: /Users/danlinn/Sites/wavemetrics/.ci/test/visual-regression/test-results/playwright-tests-Visual-re-0253f-uld-look-the-same-on-mobile-chromium/ProductPage-mobile-actual.png
        Diff: /Users/danlinn/Sites/wavemetrics/.ci/test/visual-regression/test-results/playwright-tests-Visual-re-0253f-uld-look-the-same-on-mobile-chromium/ProductPage-mobile-diff.png

    Call log:
      - expect.toHaveScreenshot(ProductPage-mobile.png) with timeout 10000ms
        - verifying given screenshot expectation
      - taking page screenshot
        - disabled all CSS animations
      - waiting for fonts to load...
      - fonts loaded
      - 16358 pixels (ratio 0.11 of all image pixels) are different.
      - waiting 100ms before taking screenshot
      - taking page screenshot
        - disabled all CSS animations
      - waiting for fonts to load...
      - fonts loaded
      - captured a stable screenshot
      - 16358 pixels (ratio 0.11 of all image pixels) are different.


      132 |         console.log(`${isRetry ? 'RETRY with higher thresholds' : 'Regular test'} for ${name} on ${viewport}`);
      133 |         
    > 134 |         await expect(testPage).toHaveScreenshot(`${name.replace(/ /g, "-")}-${viewport}.png`, {
          |                                ^
      135 |           maxDiffPixelRatio: isRetry ? 0.2 : 0.1,      // Double the allowed diff ratio on retry
      136 |           threshold: isRetry ? 0.3 : 0.2,             // Higher color difference threshold on retry
      137 |           maxDiffPixels: isRetry ? 500 : 100,         // Allow more different pixels on retry
        at /Users/danlinn/Sites/wavemetrics/.ci/test/visual-regression/playwright-tests.spec.js:134:32

    attachment #1: ProductPage-mobile-expected.png (image/png) ─────────────────────────────────────
    playwright-tests.spec.js-snapshots/ProductPage-mobile-chromium-darwin.png
    ────────────────────────────────────────────────────────────────────────────────────────────────

    attachment #2: ProductPage-mobile-actual.png (image/png) ───────────────────────────────────────
    test-results/playwright-tests-Visual-re-0253f-uld-look-the-same-on-mobile-chromium/ProductPage-mobile-actual.png
    ────────────────────────────────────────────────────────────────────────────────────────────────

    attachment #3: ProductPage-mobile-diff.png (image/png) ─────────────────────────────────────────
    test-results/playwright-tests-Visual-re-0253f-uld-look-the-same-on-mobile-chromium/ProductPage-mobile-diff.png
    ────────────────────────────────────────────────────────────────────────────────────────────────

    Error Context: test-results/playwright-tests-Visual-re-0253f-uld-look-the-same-on-mobile-chromium/error-context.md
]]>
</failure>
<system-out>
<![CDATA[Pre-warming cache for: https://wav-200-wavemetrics.pantheonsite.io//products
Successfully pre-warmed cache for: https://wav-200-wavemetrics.pantheonsite.io//products
Navigating to: https://wav-200-wavemetrics.pantheonsite.io//products
Regular test for ProductPage on mobile

[[ATTACHMENT|../playwright-tests.spec.js-snapshots/ProductPage-mobile-chromium-darwin.png]]

[[ATTACHMENT|playwright-tests-Visual-re-0253f-uld-look-the-same-on-mobile-chromium/ProductPage-mobile-actual.png]]

[[ATTACHMENT|playwright-tests-Visual-re-0253f-uld-look-the-same-on-mobile-chromium/ProductPage-mobile-diff.png]]

[[ATTACHMENT|playwright-tests-Visual-re-0253f-uld-look-the-same-on-mobile-chromium/error-context.md]]
]]>
</system-out>
</testcase>
<testcase name="Visual regression test for ProductPage › ProductPage should look the same on tablet" classname="playwright-tests.spec.js" time="7.206">
<failure message="playwright-tests.spec.js:79:7 ProductPage should look the same on tablet" type="FAILURE">
<![CDATA[  [chromium] › playwright-tests.spec.js:79:7 › Visual regression test for ProductPage › ProductPage should look the same on tablet 

    Error: expect(page).toHaveScreenshot(expected)

      36820 pixels (ratio 0.05 of all image pixels) are different.

    Expected: /Users/danlinn/Sites/wavemetrics/.ci/test/visual-regression/playwright-tests.spec.js-snapshots/ProductPage-tablet-chromium-darwin.png
    Received: /Users/danlinn/Sites/wavemetrics/.ci/test/visual-regression/test-results/playwright-tests-Visual-re-3af77-uld-look-the-same-on-tablet-chromium/ProductPage-tablet-actual.png
        Diff: /Users/danlinn/Sites/wavemetrics/.ci/test/visual-regression/test-results/playwright-tests-Visual-re-3af77-uld-look-the-same-on-tablet-chromium/ProductPage-tablet-diff.png

    Call log:
      - expect.toHaveScreenshot(ProductPage-tablet.png) with timeout 10000ms
        - verifying given screenshot expectation
      - taking page screenshot
        - disabled all CSS animations
      - waiting for fonts to load...
      - fonts loaded
      - 36820 pixels (ratio 0.05 of all image pixels) are different.
      - waiting 100ms before taking screenshot
      - taking page screenshot
        - disabled all CSS animations
      - waiting for fonts to load...
      - fonts loaded
      - captured a stable screenshot
      - 36820 pixels (ratio 0.05 of all image pixels) are different.


      132 |         console.log(`${isRetry ? 'RETRY with higher thresholds' : 'Regular test'} for ${name} on ${viewport}`);
      133 |         
    > 134 |         await expect(testPage).toHaveScreenshot(`${name.replace(/ /g, "-")}-${viewport}.png`, {
          |                                ^
      135 |           maxDiffPixelRatio: isRetry ? 0.2 : 0.1,      // Double the allowed diff ratio on retry
      136 |           threshold: isRetry ? 0.3 : 0.2,             // Higher color difference threshold on retry
      137 |           maxDiffPixels: isRetry ? 500 : 100,         // Allow more different pixels on retry
        at /Users/danlinn/Sites/wavemetrics/.ci/test/visual-regression/playwright-tests.spec.js:134:32

    attachment #1: ProductPage-tablet-expected.png (image/png) ─────────────────────────────────────
    playwright-tests.spec.js-snapshots/ProductPage-tablet-chromium-darwin.png
    ────────────────────────────────────────────────────────────────────────────────────────────────

    attachment #2: ProductPage-tablet-actual.png (image/png) ───────────────────────────────────────
    test-results/playwright-tests-Visual-re-3af77-uld-look-the-same-on-tablet-chromium/ProductPage-tablet-actual.png
    ────────────────────────────────────────────────────────────────────────────────────────────────

    attachment #3: ProductPage-tablet-diff.png (image/png) ─────────────────────────────────────────
    test-results/playwright-tests-Visual-re-3af77-uld-look-the-same-on-tablet-chromium/ProductPage-tablet-diff.png
    ────────────────────────────────────────────────────────────────────────────────────────────────

    Error Context: test-results/playwright-tests-Visual-re-3af77-uld-look-the-same-on-tablet-chromium/error-context.md
]]>
</failure>
<system-out>
<![CDATA[Pre-warming cache for: https://wav-200-wavemetrics.pantheonsite.io//products
Successfully pre-warmed cache for: https://wav-200-wavemetrics.pantheonsite.io//products
Navigating to: https://wav-200-wavemetrics.pantheonsite.io//products
Regular test for ProductPage on tablet

[[ATTACHMENT|../playwright-tests.spec.js-snapshots/ProductPage-tablet-chromium-darwin.png]]

[[ATTACHMENT|playwright-tests-Visual-re-3af77-uld-look-the-same-on-tablet-chromium/ProductPage-tablet-actual.png]]

[[ATTACHMENT|playwright-tests-Visual-re-3af77-uld-look-the-same-on-tablet-chromium/ProductPage-tablet-diff.png]]

[[ATTACHMENT|playwright-tests-Visual-re-3af77-uld-look-the-same-on-tablet-chromium/error-context.md]]
]]>
</system-out>
</testcase>
<testcase name="Visual regression test for ProductPage › ProductPage should look the same on desktop" classname="playwright-tests.spec.js" time="7.35">
<failure message="playwright-tests.spec.js:79:7 ProductPage should look the same on desktop" type="FAILURE">
<![CDATA[  [chromium] › playwright-tests.spec.js:79:7 › Visual regression test for ProductPage › ProductPage should look the same on desktop 

    Error: expect(page).toHaveScreenshot(expected)

      57431 pixels (ratio 0.03 of all image pixels) are different.

    Expected: /Users/danlinn/Sites/wavemetrics/.ci/test/visual-regression/playwright-tests.spec.js-snapshots/ProductPage-desktop-chromium-darwin.png
    Received: /Users/danlinn/Sites/wavemetrics/.ci/test/visual-regression/test-results/playwright-tests-Visual-re-dd3c5-ld-look-the-same-on-desktop-chromium/ProductPage-desktop-actual.png
        Diff: /Users/danlinn/Sites/wavemetrics/.ci/test/visual-regression/test-results/playwright-tests-Visual-re-dd3c5-ld-look-the-same-on-desktop-chromium/ProductPage-desktop-diff.png

    Call log:
      - expect.toHaveScreenshot(ProductPage-desktop.png) with timeout 10000ms
        - verifying given screenshot expectation
      - taking page screenshot
        - disabled all CSS animations
      - waiting for fonts to load...
      - fonts loaded
      - 57431 pixels (ratio 0.03 of all image pixels) are different.
      - waiting 100ms before taking screenshot
      - taking page screenshot
        - disabled all CSS animations
      - waiting for fonts to load...
      - fonts loaded
      - captured a stable screenshot
      - 57431 pixels (ratio 0.03 of all image pixels) are different.


      132 |         console.log(`${isRetry ? 'RETRY with higher thresholds' : 'Regular test'} for ${name} on ${viewport}`);
      133 |         
    > 134 |         await expect(testPage).toHaveScreenshot(`${name.replace(/ /g, "-")}-${viewport}.png`, {
          |                                ^
      135 |           maxDiffPixelRatio: isRetry ? 0.2 : 0.1,      // Double the allowed diff ratio on retry
      136 |           threshold: isRetry ? 0.3 : 0.2,             // Higher color difference threshold on retry
      137 |           maxDiffPixels: isRetry ? 500 : 100,         // Allow more different pixels on retry
        at /Users/danlinn/Sites/wavemetrics/.ci/test/visual-regression/playwright-tests.spec.js:134:32

    attachment #1: ProductPage-desktop-expected.png (image/png) ────────────────────────────────────
    playwright-tests.spec.js-snapshots/ProductPage-desktop-chromium-darwin.png
    ────────────────────────────────────────────────────────────────────────────────────────────────

    attachment #2: ProductPage-desktop-actual.png (image/png) ──────────────────────────────────────
    test-results/playwright-tests-Visual-re-dd3c5-ld-look-the-same-on-desktop-chromium/ProductPage-desktop-actual.png
    ────────────────────────────────────────────────────────────────────────────────────────────────

    attachment #3: ProductPage-desktop-diff.png (image/png) ────────────────────────────────────────
    test-results/playwright-tests-Visual-re-dd3c5-ld-look-the-same-on-desktop-chromium/ProductPage-desktop-diff.png
    ────────────────────────────────────────────────────────────────────────────────────────────────

    Error Context: test-results/playwright-tests-Visual-re-dd3c5-ld-look-the-same-on-desktop-chromium/error-context.md
]]>
</failure>
<system-out>
<![CDATA[Pre-warming cache for: https://wav-200-wavemetrics.pantheonsite.io//products
Successfully pre-warmed cache for: https://wav-200-wavemetrics.pantheonsite.io//products
Navigating to: https://wav-200-wavemetrics.pantheonsite.io//products
Regular test for ProductPage on desktop

[[ATTACHMENT|../playwright-tests.spec.js-snapshots/ProductPage-desktop-chromium-darwin.png]]

[[ATTACHMENT|playwright-tests-Visual-re-dd3c5-ld-look-the-same-on-desktop-chromium/ProductPage-desktop-actual.png]]

[[ATTACHMENT|playwright-tests-Visual-re-dd3c5-ld-look-the-same-on-desktop-chromium/ProductPage-desktop-diff.png]]

[[ATTACHMENT|playwright-tests-Visual-re-dd3c5-ld-look-the-same-on-desktop-chromium/error-context.md]]
]]>
</system-out>
</testcase>
<testcase name="Visual regression test for NewsPage › NewsPage should look the same on mobile" classname="playwright-tests.spec.js" time="6.63">
<system-out>
<![CDATA[Pre-warming cache for: https://wav-200-wavemetrics.pantheonsite.io//news
Successfully pre-warmed cache for: https://wav-200-wavemetrics.pantheonsite.io//news
Navigating to: https://wav-200-wavemetrics.pantheonsite.io//news
Regular test for NewsPage on mobile
]]>
</system-out>
</testcase>
<testcase name="Visual regression test for NewsPage › NewsPage should look the same on tablet" classname="playwright-tests.spec.js" time="6.61">
<system-out>
<![CDATA[Navigating to: https://wav-200-wavemetrics.pantheonsite.io//news
Regular test for NewsPage on tablet
]]>
</system-out>
</testcase>
<testcase name="Visual regression test for NewsPage › NewsPage should look the same on desktop" classname="playwright-tests.spec.js" time="6.896">
<system-out>
<![CDATA[Pre-warming cache for: https://wav-200-wavemetrics.pantheonsite.io//news
Successfully pre-warmed cache for: https://wav-200-wavemetrics.pantheonsite.io//news
Navigating to: https://wav-200-wavemetrics.pantheonsite.io//news
Regular test for NewsPage on desktop
]]>
</system-out>
</testcase>
<testcase name="Visual regression test for ForumPost › ForumPost should look the same on mobile" classname="playwright-tests.spec.js" time="6.975">
<system-out>
<![CDATA[Pre-warming cache for: https://wav-200-wavemetrics.pantheonsite.io//forum/general/how-ask-good-questions
Successfully pre-warmed cache for: https://wav-200-wavemetrics.pantheonsite.io//forum/general/how-ask-good-questions
Navigating to: https://wav-200-wavemetrics.pantheonsite.io//forum/general/how-ask-good-questions
Regular test for ForumPost on mobile
]]>
</system-out>
</testcase>
<testcase name="Visual regression test for ForumPost › ForumPost should look the same on tablet" classname="playwright-tests.spec.js" time="6.885">
<system-out>
<![CDATA[Navigating to: https://wav-200-wavemetrics.pantheonsite.io//forum/general/how-ask-good-questions
Regular test for ForumPost on tablet
]]>
</system-out>
</testcase>
<testcase name="Visual regression test for ForumPost › ForumPost should look the same on desktop" classname="playwright-tests.spec.js" time="6.906">
<system-out>
<![CDATA[Navigating to: https://wav-200-wavemetrics.pantheonsite.io//forum/general/how-ask-good-questions
Regular test for ForumPost on desktop
]]>
</system-out>
</testcase>
<testcase name="Visual regression test for SupportPage › SupportPage should look the same on mobile" classname="playwright-tests.spec.js" time="6.994">
<system-out>
<![CDATA[Pre-warming cache for: https://wav-200-wavemetrics.pantheonsite.io//support
Successfully pre-warmed cache for: https://wav-200-wavemetrics.pantheonsite.io//support
Navigating to: https://wav-200-wavemetrics.pantheonsite.io//support
Regular test for SupportPage on mobile
]]>
</system-out>
</testcase>
<testcase name="Visual regression test for SupportPage › SupportPage should look the same on tablet" classname="playwright-tests.spec.js" time="6.817">
<system-out>
<![CDATA[Navigating to: https://wav-200-wavemetrics.pantheonsite.io//support
Regular test for SupportPage on tablet
]]>
</system-out>
</testcase>
<testcase name="Visual regression test for SupportPage › SupportPage should look the same on desktop" classname="playwright-tests.spec.js" time="6.746">
<system-out>
<![CDATA[Navigating to: https://wav-200-wavemetrics.pantheonsite.io//support
Regular test for SupportPage on desktop
]]>
</system-out>
</testcase>
<testcase name="Visual regression test for IgorProProduct › IgorProProduct should look the same on mobile" classname="playwright-tests.spec.js" time="6.965">
<system-out>
<![CDATA[Pre-warming cache for: https://wav-200-wavemetrics.pantheonsite.io//products/igorpro
Successfully pre-warmed cache for: https://wav-200-wavemetrics.pantheonsite.io//products/igorpro
Navigating to: https://wav-200-wavemetrics.pantheonsite.io//products/igorpro
Regular test for IgorProProduct on mobile
]]>
</system-out>
</testcase>
<testcase name="Visual regression test for IgorProProduct › IgorProProduct should look the same on tablet" classname="playwright-tests.spec.js" time="7.043">
<system-out>
<![CDATA[Pre-warming cache for: https://wav-200-wavemetrics.pantheonsite.io//products/igorpro
Successfully pre-warmed cache for: https://wav-200-wavemetrics.pantheonsite.io//products/igorpro
Navigating to: https://wav-200-wavemetrics.pantheonsite.io//products/igorpro
Regular test for IgorProProduct on tablet
]]>
</system-out>
</testcase>
<testcase name="Visual regression test for IgorProProduct › IgorProProduct should look the same on desktop" classname="playwright-tests.spec.js" time="7.123">
<system-out>
<![CDATA[Navigating to: https://wav-200-wavemetrics.pantheonsite.io//products/igorpro
Regular test for IgorProProduct on desktop
]]>
</system-out>
</testcase>
<testcase name="Visual regression test for IgorPro9 › IgorPro9 should look the same on mobile" classname="playwright-tests.spec.js" time="6.613">
<system-out>
<![CDATA[Pre-warming cache for: https://wav-200-wavemetrics.pantheonsite.io//software/igor-pro-9
Successfully pre-warmed cache for: https://wav-200-wavemetrics.pantheonsite.io//software/igor-pro-9
Navigating to: https://wav-200-wavemetrics.pantheonsite.io//software/igor-pro-9
Regular test for IgorPro9 on mobile
]]>
</system-out>
</testcase>
<testcase name="Visual regression test for IgorPro9 › IgorPro9 should look the same on tablet" classname="playwright-tests.spec.js" time="6.728">
<system-out>
<![CDATA[Navigating to: https://wav-200-wavemetrics.pantheonsite.io//software/igor-pro-9
Regular test for IgorPro9 on tablet
]]>
</system-out>
</testcase>
<testcase name="Visual regression test for IgorPro9 › IgorPro9 should look the same on desktop" classname="playwright-tests.spec.js" time="7.119">
<system-out>
<![CDATA[Pre-warming cache for: https://wav-200-wavemetrics.pantheonsite.io//software/igor-pro-9
Successfully pre-warmed cache for: https://wav-200-wavemetrics.pantheonsite.io//software/igor-pro-9
Navigating to: https://wav-200-wavemetrics.pantheonsite.io//software/igor-pro-9
Regular test for IgorPro9 on desktop
]]>
</system-out>
</testcase>
</testsuite>
</testsuites>